# JRE version: Java(TM) SE Runtime Environment (7.0_51-b13) (build 1.7.0_51-b13)
# Java VM: Java HotSpot(TM) 64-Bit Server VM (24.51-b03 mixed mode windows-amd64 compressed oops)
Heap
 PSYoungGen      total 226304K, used 142720K [0x00000000f0000000, 0x00000000ffe00000, 0x0000000100000000)
  eden space 194560K, 66% used [0x00000000f0000000,0x00000000f7e43c18,0x00000000fbe00000)
  from space 31744K, 42% used [0x00000000fbe00000,0x00000000fcb1c5c0,0x00000000fdd00000)
  to   space 30720K, 0% used [0x00000000fe000000,0x00000000fe000000,0x00000000ffe00000)
 ParOldGen       total 247296K, used 201061K [0x00000000d0000000, 0x00000000df180000, 0x00000000f0000000)
  object space 247296K, 81% used [0x00000000d0000000,0x00000000dc459520,0x00000000df180000)
 PSPermGen       total 154624K, used 99959K [0x00000000c0000000, 0x00000000c9700000, 0x00000000d0000000)
  object space 154624K, 64% used [0x00000000c0000000,0x00000000c619dc98,0x00000000c9700000)
GC Heap History (10 events):
Event: 617.105 GC heap before
{Heap before GC invocations=111 (full 4):
 PSYoungGen      total 223744K, used 198916K [0x00000000f0000000, 0x00000000ffe80000, 0x0000000100000000)
  eden space 187904K, 100% used [0x00000000f0000000,0x00000000fb780000,0x00000000fb780000)
  from space 35840K, 30% used [0x00000000fdb80000,0x00000000fe641388,0x00000000ffe80000)
  to   space 36352K, 0% used [0x00000000fb780000,0x00000000fb780000,0x00000000fdb00000)
 ParOldGen       total 247296K, used 198424K [0x00000000d0000000, 0x00000000df180000, 0x00000000f0000000)
  object space 247296K, 80% used [0x00000000d0000000,0x00000000dc1c60f0,0x00000000df180000)
 PSPermGen       total 154624K, used 99116K [0x00000000c0000000, 0x00000000c9700000, 0x00000000d0000000)
  object space 154624K, 64% used [0x00000000c0000000,0x00000000c60cb320,0x00000000c9700000)
Event: 617.125 GC heap after
Heap after GC invocations=111 (full 4):
 PSYoungGen      total 224256K, used 11012K [0x00000000f0000000, 0x00000000ffe80000, 0x0000000100000000)
  eden space 187904K, 0% used [0x00000000f0000000,0x00000000f0000000,0x00000000fb780000)
  from space 36352K, 30% used [0x00000000fb780000,0x00000000fc2413a8,0x00000000fdb00000)
  to   space 35328K, 0% used [0x00000000fdc00000,0x00000000fdc00000,0x00000000ffe80000)
 ParOldGen       total 247296K, used 198608K [0x00000000d0000000, 0x00000000df180000, 0x00000000f0000000)
  object space 247296K, 80% used [0x00000000d0000000,0x00000000dc1f4100,0x00000000df180000)
 PSPermGen       total 154624K, used 99116K [0x00000000c0000000, 0x00000000c9700000, 0x00000000d0000000)
  object space 154624K, 64% used [0x00000000c0000000,0x00000000c60cb320,0x00000000c9700000)
}
Event: 730.884 GC heap before
{Heap before GC invocations=112 (full 4):
 PSYoungGen      total 224256K, used 198916K [0x00000000f0000000, 0x00000000ffe80000, 0x0000000100000000)
  eden space 187904K, 100% used [0x00000000f0000000,0x00000000fb780000,0x00000000fb780000)
  from space 36352K, 30% used [0x00000000fb780000,0x00000000fc2413a8,0x00000000fdb00000)
  to   space 35328K, 0% used [0x00000000fdc00000,0x00000000fdc00000,0x00000000ffe80000)
 ParOldGen       total 247296K, used 198608K [0x00000000d0000000, 0x00000000df180000, 0x00000000f0000000)
  object space 247296K, 80% used [0x00000000d0000000,0x00000000dc1f4100,0x00000000df180000)
 PSPermGen       total 154624K, used 99178K [0x00000000c0000000, 0x00000000c9700000, 0x00000000d0000000)
  object space 154624K, 64% used [0x00000000c0000000,0x00000000c60daaa0,0x00000000c9700000)
Event: 730.913 GC heap after
Heap after GC invocations=112 (full 4):
 PSYoungGen      total 224256K, used 11931K [0x00000000f0000000, 0x00000000ffd00000, 0x0000000100000000)
  eden space 190464K, 0% used [0x00000000f0000000,0x00000000f0000000,0x00000000fba00000)
  from space 33792K, 35% used [0x00000000fdc00000,0x00000000fe7a6c10,0x00000000ffd00000)
  to   space 34304K, 0% used [0x00000000fba00000,0x00000000fba00000,0x00000000fdb80000)
 ParOldGen       total 247296K, used 198856K [0x00000000d0000000, 0x00000000df180000, 0x00000000f0000000)
  object space 247296K, 80% used [0x00000000d0000000,0x00000000dc232100,0x00000000df180000)
 PSPermGen       total 154624K, used 99178K [0x00000000c0000000, 0x00000000c9700000, 0x00000000d0000000)
  object space 154624K, 64% used [0x00000000c0000000,0x00000000c60daaa0,0x00000000c9700000)
}
Event: 733.011 GC heap before
{Heap before GC invocations=113 (full 4):
 PSYoungGen      total 224256K, used 202395K [0x00000000f0000000, 0x00000000ffd00000, 0x0000000100000000)
  eden space 190464K, 100% used [0x00000000f0000000,0x00000000fba00000,0x00000000fba00000)
  from space 33792K, 35% used [0x00000000fdc00000,0x00000000fe7a6c10,0x00000000ffd00000)
  to   space 34304K, 0% used [0x00000000fba00000,0x00000000fba00000,0x00000000fdb80000)
 ParOldGen       total 247296K, used 198856K [0x00000000d0000000, 0x00000000df180000, 0x00000000f0000000)
  object space 247296K, 80% used [0x00000000d0000000,0x00000000dc232100,0x00000000df180000)
 PSPermGen       total 154624K, used 99409K [0x00000000c0000000, 0x00000000c9700000, 0x00000000d0000000)
  object space 154624K, 64% used [0x00000000c0000000,0x00000000c6114450,0x00000000c9700000)
Event: 733.026 GC heap after
Heap after GC invocations=113 (full 4):
 PSYoungGen      total 224768K, used 13452K [0x00000000f0000000, 0x00000000ffe80000, 0x0000000100000000)
  eden space 190464K, 0% used [0x00000000f0000000,0x00000000f0000000,0x00000000fba00000)
  from space 34304K, 39% used [0x00000000fba00000,0x00000000fc7232e0,0x00000000fdb80000)
  to   space 33280K, 0% used [0x00000000fde00000,0x00000000fde00000,0x00000000ffe80000)
 ParOldGen       total 247296K, used 199000K [0x00000000d0000000, 0x00000000df180000, 0x00000000f0000000)
  object space 247296K, 80% used [0x00000000d0000000,0x00000000dc256100,0x00000000df180000)
 PSPermGen       total 154624K, used 99409K [0x00000000c0000000, 0x00000000c9700000, 0x00000000d0000000)
  object space 154624K, 64% used [0x00000000c0000000,0x00000000c6114450,0x00000000c9700000)
}
Event: 733.928 GC heap before
{Heap before GC invocations=114 (full 4):
 PSYoungGen      total 224768K, used 203916K [0x00000000f0000000, 0x00000000ffe80000, 0x0000000100000000)
  eden space 190464K, 100% used [0x00000000f0000000,0x00000000fba00000,0x00000000fba00000)
  from space 34304K, 39% used [0x00000000fba00000,0x00000000fc7232e0,0x00000000fdb80000)
  to   space 33280K, 0% used [0x00000000fde00000,0x00000000fde00000,0x00000000ffe80000)
 ParOldGen       total 247296K, used 199000K [0x00000000d0000000, 0x00000000df180000, 0x00000000f0000000)
  object space 247296K, 80% used [0x00000000d0000000,0x00000000dc256100,0x00000000df180000)
 PSPermGen       total 154624K, used 99793K [0x00000000c0000000, 0x00000000c9700000, 0x00000000d0000000)
  object space 154624K, 64% used [0x00000000c0000000,0x00000000c61745b0,0x00000000c9700000)
Event: 733.945 GC heap after
Heap after GC invocations=114 (full 4):
 PSYoungGen      total 225280K, used 13713K [0x00000000f0000000, 0x00000000ffc00000, 0x0000000100000000)
  eden space 194560K, 0% used [0x00000000f0000000,0x00000000f0000000,0x00000000fbe00000)
  from space 30720K, 44% used [0x00000000fde00000,0x00000000feb645c0,0x00000000ffc00000)
  to   space 31744K, 0% used [0x00000000fbe00000,0x00000000fbe00000,0x00000000fdd00000)
 ParOldGen       total 247296K, used 200661K [0x00000000d0000000, 0x00000000df180000, 0x00000000f0000000)
  object space 247296K, 81% used [0x00000000d0000000,0x00000000dc3f5520,0x00000000df180000)
 PSPermGen       total 154624K, used 99793K [0x00000000c0000000, 0x00000000c9700000, 0x00000000d0000000)
  object space 154624K, 64% used [0x00000000c0000000,0x00000000c61745b0,0x00000000c9700000)
}
Event: 737.288 GC heap before
{Heap before GC invocations=115 (full 4):
 PSYoungGen      total 225280K, used 208273K [0x00000000f0000000, 0x00000000ffc00000, 0x0000000100000000)
  eden space 194560K, 100% used [0x00000000f0000000,0x00000000fbe00000,0x00000000fbe00000)
  from space 30720K, 44% used [0x00000000fde00000,0x00000000feb645c0,0x00000000ffc00000)
  to   space 31744K, 0% used [0x00000000fbe00000,0x00000000fbe00000,0x00000000fdd00000)
 ParOldGen       total 247296K, used 200661K [0x00000000d0000000, 0x00000000df180000, 0x00000000f0000000)
  object space 247296K, 81% used [0x00000000d0000000,0x00000000dc3f5520,0x00000000df180000)
 PSPermGen       total 154624K, used 99836K [0x00000000c0000000, 0x00000000c9700000, 0x00000000d0000000)
  object space 154624K, 64% used [0x00000000c0000000,0x00000000c617f348,0x00000000c9700000)
Event: 737.309 GC heap after
Heap after GC invocations=115 (full 4):
 PSYoungGen      total 226304K, used 13425K [0x00000000f0000000, 0x00000000ffe00000, 0x0000000100000000)
  eden space 194560K, 0% used [0x00000000f0000000,0x00000000f0000000,0x00000000fbe00000)
  from space 31744K, 42% used [0x00000000fbe00000,0x00000000fcb1c5c0,0x00000000fdd00000)
  to   space 30720K, 0% used [0x00000000fe000000,0x00000000fe000000,0x00000000ffe00000)
 ParOldGen       total 247296K, used 201061K [0x00000000d0000000, 0x00000000df180000, 0x00000000f0000000)
  object space 247296K, 81% used [0x00000000d0000000,0x00000000dc459520,0x00000000df180000)
 PSPermGen       total 154624K, used 99836K [0x00000000c0000000, 0x00000000c9700000, 0x00000000d0000000)
  object space 154624K, 64% used [0x00000000c0000000,0x00000000c617f348,0x00000000c9700000)
}

