# JRE version: Java(TM) SE Runtime Environment (7.0_51-b13) (build 1.7.0_51-b13)
# Java VM: Java HotSpot(TM) 64-Bit Server VM (24.51-b03 mixed mode windows-amd64 compressed oops)
Heap
 PSYoungGen      total 213504K, used 166374K [0x00000000f0000000, 0x0000000100000000, 0x0000000100000000)
  eden space 166912K, 74% used [0x00000000f0000000,0x00000000f79dd9f0,0x00000000fa300000)
  from space 46592K, 89% used [0x00000000fa300000,0x00000000fcb9c1f0,0x00000000fd080000)
  to   space 48128K, 0% used [0x00000000fd100000,0x00000000fd100000,0x0000000100000000)
 ParOldGen       total 231936K, used 181471K [0x00000000d0000000, 0x00000000de280000, 0x00000000f0000000)
  object space 231936K, 78% used [0x00000000d0000000,0x00000000db137c10,0x00000000de280000)
 PSPermGen       total 171008K, used 170698K [0x00000000c0000000, 0x00000000ca700000, 0x00000000d0000000)
  object space 171008K, 99% used [0x00000000c0000000,0x00000000ca6b2b58,0x00000000ca700000)
GC Heap History (10 events):
Event: 1319.175 GC heap before
{Heap before GC invocations=81 (full 4):
 PSYoungGen      total 212992K, used 207405K [0x00000000f0000000, 0x0000000100000000, 0x0000000100000000)
  eden space 166912K, 100% used [0x00000000f0000000,0x00000000fa300000,0x00000000fa300000)
  from space 46080K, 87% used [0x00000000fd300000,0x00000000ffa8b758,0x0000000100000000)
  to   space 47616K, 0% used [0x00000000fa300000,0x00000000fa300000,0x00000000fd180000)
 ParOldGen       total 231936K, used 159627K [0x00000000d0000000, 0x00000000de280000, 0x00000000f0000000)
  object space 231936K, 68% used [0x00000000d0000000,0x00000000d9be2d58,0x00000000de280000)
 PSPermGen       total 122880K, used 119422K [0x00000000c0000000, 0x00000000c7800000, 0x00000000d0000000)
  object space 122880K, 97% used [0x00000000c0000000,0x00000000c749f990,0x00000000c7800000)
Event: 1319.206 GC heap after
Heap after GC invocations=81 (full 4):
 PSYoungGen      total 205824K, used 38612K [0x00000000f0000000, 0x0000000100000000, 0x0000000100000000)
  eden space 166912K, 0% used [0x00000000f0000000,0x00000000f0000000,0x00000000fa300000)
  from space 38912K, 99% used [0x00000000fa300000,0x00000000fc8b5098,0x00000000fc900000)
  to   space 48128K, 0% used [0x00000000fd100000,0x00000000fd100000,0x0000000100000000)
 ParOldGen       total 231936K, used 161198K [0x00000000d0000000, 0x00000000de280000, 0x00000000f0000000)
  object space 231936K, 69% used [0x00000000d0000000,0x00000000d9d6bb90,0x00000000de280000)
 PSPermGen       total 122880K, used 119422K [0x00000000c0000000, 0x00000000c7800000, 0x00000000d0000000)
  object space 122880K, 97% used [0x00000000c0000000,0x00000000c749f990,0x00000000c7800000)
}
Event: 1319.667 GC heap before
{Heap before GC invocations=82 (full 4):
 PSYoungGen      total 205824K, used 205524K [0x00000000f0000000, 0x0000000100000000, 0x0000000100000000)
  eden space 166912K, 100% used [0x00000000f0000000,0x00000000fa300000,0x00000000fa300000)
  from space 38912K, 99% used [0x00000000fa300000,0x00000000fc8b5098,0x00000000fc900000)
  to   space 48128K, 0% used [0x00000000fd100000,0x00000000fd100000,0x0000000100000000)
 ParOldGen       total 231936K, used 161198K [0x00000000d0000000, 0x00000000de280000, 0x00000000f0000000)
  object space 231936K, 69% used [0x00000000d0000000,0x00000000d9d6bb90,0x00000000de280000)
 PSPermGen       total 122880K, used 119480K [0x00000000c0000000, 0x00000000c7800000, 0x00000000d0000000)
  object space 122880K, 97% used [0x00000000c0000000,0x00000000c74ae200,0x00000000c7800000)
Event: 1319.704 GC heap after
Heap after GC invocations=82 (full 4):
 PSYoungGen      total 215552K, used 33068K [0x00000000f0000000, 0x0000000100000000, 0x0000000100000000)
  eden space 167424K, 0% used [0x00000000f0000000,0x00000000f0000000,0x00000000fa380000)
  from space 48128K, 68% used [0x00000000fd100000,0x00000000ff14b000,0x0000000100000000)
  to   space 46592K, 0% used [0x00000000fa380000,0x00000000fa380000,0x00000000fd100000)
 ParOldGen       total 231936K, used 169764K [0x00000000d0000000, 0x00000000de280000, 0x00000000f0000000)
  object space 231936K, 73% used [0x00000000d0000000,0x00000000da5c90d0,0x00000000de280000)
 PSPermGen       total 122880K, used 119480K [0x00000000c0000000, 0x00000000c7800000, 0x00000000d0000000)
  object space 122880K, 97% used [0x00000000c0000000,0x00000000c74ae200,0x00000000c7800000)
}
Event: 1447.589 GC heap before
{Heap before GC invocations=83 (full 4):
 PSYoungGen      total 215552K, used 200492K [0x00000000f0000000, 0x0000000100000000, 0x0000000100000000)
  eden space 167424K, 100% used [0x00000000f0000000,0x00000000fa380000,0x00000000fa380000)
  from space 48128K, 68% used [0x00000000fd100000,0x00000000ff14b000,0x0000000100000000)
  to   space 46592K, 0% used [0x00000000fa380000,0x00000000fa380000,0x00000000fd100000)
 ParOldGen       total 231936K, used 169764K [0x00000000d0000000, 0x00000000de280000, 0x00000000f0000000)
  object space 231936K, 73% used [0x00000000d0000000,0x00000000da5c90d0,0x00000000de280000)
 PSPermGen       total 122880K, used 119864K [0x00000000c0000000, 0x00000000c7800000, 0x00000000d0000000)
  object space 122880K, 97% used [0x00000000c0000000,0x00000000c750e350,0x00000000c7800000)
Event: 1447.691 GC heap after
Heap after GC invocations=83 (full 4):
 PSYoungGen      total 197632K, used 29898K [0x00000000f0000000, 0x00000000ffd80000, 0x0000000100000000)
  eden space 167424K, 0% used [0x00000000f0000000,0x00000000f0000000,0x00000000fa380000)
  from space 30208K, 98% used [0x00000000fa380000,0x00000000fc0b2a30,0x00000000fc100000)
  to   space 46080K, 0% used [0x00000000fd080000,0x00000000fd080000,0x00000000ffd80000)
 ParOldGen       total 231936K, used 176776K [0x00000000d0000000, 0x00000000de280000, 0x00000000f0000000)
  object space 231936K, 76% used [0x00000000d0000000,0x00000000daca22d8,0x00000000de280000)
 PSPermGen       total 122880K, used 119864K [0x00000000c0000000, 0x00000000c7800000, 0x00000000d0000000)
  object space 122880K, 97% used [0x00000000c0000000,0x00000000c750e350,0x00000000c7800000)
}
Event: 1483.207 GC heap before
{Heap before GC invocations=84 (full 4):
 PSYoungGen      total 197632K, used 197322K [0x00000000f0000000, 0x00000000ffd80000, 0x0000000100000000)
  eden space 167424K, 100% used [0x00000000f0000000,0x00000000fa380000,0x00000000fa380000)
  from space 30208K, 98% used [0x00000000fa380000,0x00000000fc0b2a30,0x00000000fc100000)
  to   space 46080K, 0% used [0x00000000fd080000,0x00000000fd080000,0x00000000ffd80000)
 ParOldGen       total 231936K, used 176776K [0x00000000d0000000, 0x00000000de280000, 0x00000000f0000000)
  object space 231936K, 76% used [0x00000000d0000000,0x00000000daca22d8,0x00000000de280000)
 PSPermGen       total 140800K, used 140622K [0x00000000c0000000, 0x00000000c8980000, 0x00000000d0000000)
  object space 140800K, 99% used [0x00000000c0000000,0x00000000c8953a58,0x00000000c8980000)
Event: 1483.293 GC heap after
Heap after GC invocations=84 (full 4):
 PSYoungGen      total 212992K, used 37138K [0x00000000f0000000, 0x0000000100000000, 0x0000000100000000)
  eden space 166912K, 0% used [0x00000000f0000000,0x00000000f0000000,0x00000000fa300000)
  from space 46080K, 80% used [0x00000000fd080000,0x00000000ff4c4ac0,0x00000000ffd80000)
  to   space 46592K, 0% used [0x00000000fa300000,0x00000000fa300000,0x00000000fd080000)
 ParOldGen       total 231936K, used 180380K [0x00000000d0000000, 0x00000000de280000, 0x00000000f0000000)
  object space 231936K, 77% used [0x00000000d0000000,0x00000000db0272e8,0x00000000de280000)
 PSPermGen       total 140800K, used 140622K [0x00000000c0000000, 0x00000000c8980000, 0x00000000d0000000)
  object space 140800K, 99% used [0x00000000c0000000,0x00000000c8953a58,0x00000000c8980000)
}
Event: 1535.591 GC heap before
{Heap before GC invocations=85 (full 4):
 PSYoungGen      total 212992K, used 204050K [0x00000000f0000000, 0x0000000100000000, 0x0000000100000000)
  eden space 166912K, 100% used [0x00000000f0000000,0x00000000fa300000,0x00000000fa300000)
  from space 46080K, 80% used [0x00000000fd080000,0x00000000ff4c4ac0,0x00000000ffd80000)
  to   space 46592K, 0% used [0x00000000fa300000,0x00000000fa300000,0x00000000fd080000)
 ParOldGen       total 231936K, used 180380K [0x00000000d0000000, 0x00000000de280000, 0x00000000f0000000)
  object space 231936K, 77% used [0x00000000d0000000,0x00000000db0272e8,0x00000000de280000)
 PSPermGen       total 160768K, used 160514K [0x00000000c0000000, 0x00000000c9d00000, 0x00000000d0000000)
  object space 160768K, 99% used [0x00000000c0000000,0x00000000c9cc08b8,0x00000000c9d00000)
Event: 1535.652 GC heap after
Heap after GC invocations=85 (full 4):
 PSYoungGen      total 213504K, used 41584K [0x00000000f0000000, 0x0000000100000000, 0x0000000100000000)
  eden space 166912K, 0% used [0x00000000f0000000,0x00000000f0000000,0x00000000fa300000)
  from space 46592K, 89% used [0x00000000fa300000,0x00000000fcb9c1f0,0x00000000fd080000)
  to   space 48128K, 0% used [0x00000000fd100000,0x00000000fd100000,0x0000000100000000)
 ParOldGen       total 231936K, used 181471K [0x00000000d0000000, 0x00000000de280000, 0x00000000f0000000)
  object space 231936K, 78% used [0x00000000d0000000,0x00000000db137c10,0x00000000de280000)
 PSPermGen       total 160768K, used 160514K [0x00000000c0000000, 0x00000000c9d00000, 0x00000000d0000000)
  object space 160768K, 99% used [0x00000000c0000000,0x00000000c9cc08b8,0x00000000c9d00000)
}

